[Sat Feb  2 20:00:58 2019] 200 main
[Sat Feb  2 20:00:58 2019] 110 var
[Sat Feb  2 20:00:58 2019] 61 f
[Sat Feb  2 20:00:58 2019] 31 ,
[Sat Feb  2 20:00:58 2019] 61 g
[Sat Feb  2 20:00:58 2019] 70 ;
[Sat Feb  2 20:00:58 2019] 150 {
[Sat Feb  2 20:00:58 2019] 100 let
[Sat Feb  2 20:00:58 2019] 61 n
[Sat Feb  2 20:00:58 2019] 40 <-
[Sat Feb  2 20:00:58 2019] 60 10
[Sat Feb  2 20:00:58 2019] 70 ;
[Sat Feb  2 20:00:58 2019] 100 let
[Sat Feb  2 20:00:58 2019] 61 f
[Sat Feb  2 20:00:58 2019] 40 <-
[Sat Feb  2 20:00:58 2019] 60 1
[Sat Feb  2 20:00:58 2019] 70 ;
[Sat Feb  2 20:00:58 2019] 103 while
[Sat Feb  2 20:00:58 2019] 61 n
[Sat Feb  2 20:00:58 2019] 25 >
[Sat Feb  2 20:00:58 2019] 60 0
[Sat Feb  2 20:00:58 2019] 42 do
[Sat Feb  2 20:00:58 2019] 100 let
[Sat Feb  2 20:00:58 2019] 61 f
[Sat Feb  2 20:00:58 2019] 40 <-
[Sat Feb  2 20:00:58 2019] 61 f
[Sat Feb  2 20:00:58 2019] 1 *
[Sat Feb  2 20:00:58 2019] 61 n
[Sat Feb  2 20:00:58 2019] 70 ;
[Sat Feb  2 20:00:58 2019] 100 let
[Sat Feb  2 20:00:58 2019] 61 n
[Sat Feb  2 20:00:58 2019] 40 <-
[Sat Feb  2 20:00:58 2019] 61 n
[Sat Feb  2 20:00:58 2019] 12 -
[Sat Feb  2 20:00:58 2019] 60 1
[Sat Feb  2 20:00:58 2019] 70 ;
[Sat Feb  2 20:00:58 2019] 81 od
[Sat Feb  2 20:00:58 2019] 70 ;
[Sat Feb  2 20:00:58 2019] 100 let
[Sat Feb  2 20:00:58 2019] 61 n
[Sat Feb  2 20:00:58 2019] 40 <-
[Sat Feb  2 20:00:58 2019] 61 f
[Sat Feb  2 20:00:58 2019] 70 ;
[Sat Feb  2 20:00:58 2019] 61 OutputNum
[Sat Feb  2 20:00:58 2019] 50 (
[Sat Feb  2 20:00:58 2019] 61 f
[Sat Feb  2 20:00:58 2019] 35 )
[Sat Feb  2 20:00:58 2019] 70 ;
[Sat Feb  2 20:00:58 2019] 80 }
[Sat Feb  2 20:00:58 2019] 30 .
<<<<<<< Updated upstream
[Wed Feb  6 13:58:34 2019] 200 main
[Wed Feb  6 13:58:34 2019] 110 var
[Wed Feb  6 13:58:34 2019] 61 f
[Wed Feb  6 13:58:34 2019] 31 ,
[Wed Feb  6 13:58:34 2019] 61 g
[Wed Feb  6 13:58:34 2019] 70 ;
[Wed Feb  6 13:58:34 2019] 150 {
[Wed Feb  6 13:58:34 2019] 100 let
[Wed Feb  6 13:58:34 2019] 61 n
[Wed Feb  6 13:58:34 2019] 40 <-
[Wed Feb  6 13:58:34 2019] 60 10
[Wed Feb  6 13:58:34 2019] 70 ;
[Wed Feb  6 13:58:34 2019] 100 let
[Wed Feb  6 13:58:34 2019] 61 f
[Wed Feb  6 13:58:34 2019] 40 <-
[Wed Feb  6 13:58:34 2019] 60 1
[Wed Feb  6 13:58:34 2019] 70 ;
[Wed Feb  6 13:58:34 2019] 103 while
[Wed Feb  6 13:58:34 2019] 61 n
[Wed Feb  6 13:58:34 2019] 25 >
[Wed Feb  6 13:58:34 2019] 60 0
[Wed Feb  6 13:58:34 2019] 42 do
[Wed Feb  6 13:58:34 2019] 100 let
[Wed Feb  6 13:58:34 2019] 61 f
[Wed Feb  6 13:58:34 2019] 40 <-
[Wed Feb  6 13:58:34 2019] 61 f
[Wed Feb  6 13:58:34 2019] 1 *
[Wed Feb  6 13:58:34 2019] 61 n
[Wed Feb  6 13:58:34 2019] 70 ;
[Wed Feb  6 13:58:34 2019] 100 let
[Wed Feb  6 13:58:34 2019] 61 n
[Wed Feb  6 13:58:34 2019] 40 <-
[Wed Feb  6 13:58:34 2019] 61 n
[Wed Feb  6 13:58:34 2019] 12 -
[Wed Feb  6 13:58:34 2019] 60 1
[Wed Feb  6 13:58:34 2019] 70 ;
[Wed Feb  6 13:58:34 2019] 81 od
[Wed Feb  6 13:58:34 2019] 70 ;
[Wed Feb  6 13:58:34 2019] 100 let
[Wed Feb  6 13:58:34 2019] 61 n
[Wed Feb  6 13:58:34 2019] 40 <-
[Wed Feb  6 13:58:34 2019] 61 f
[Wed Feb  6 13:58:34 2019] 70 ;
[Wed Feb  6 13:58:34 2019] 61 OutputNum
[Wed Feb  6 13:58:34 2019] 50 (
[Wed Feb  6 13:58:34 2019] 61 f
[Wed Feb  6 13:58:34 2019] 35 )
[Wed Feb  6 13:58:34 2019] 70 ;
[Wed Feb  6 13:58:34 2019] 80 }
[Wed Feb  6 13:58:34 2019] 30 .
[Wed Feb  6 16:41:07 2019] 200 main
[Wed Feb  6 16:41:21 2019] 200 main
=======
[Wed Feb  6 23:04:22 2019] 200 main
[Wed Feb  6 23:04:22 2019] 110 var
[Wed Feb  6 23:04:22 2019] 61 f
[Wed Feb  6 23:04:22 2019] 31 ,
[Wed Feb  6 23:04:22 2019] 61 g
[Wed Feb  6 23:04:22 2019] 70 ;
[Wed Feb  6 23:04:22 2019] 150 {
[Wed Feb  6 23:04:22 2019] 100 let
[Wed Feb  6 23:04:22 2019] 61 n
[Wed Feb  6 23:04:22 2019] 40 <-
[Wed Feb  6 23:04:22 2019] 60 10
[Wed Feb  6 23:04:22 2019] 70 ;
[Wed Feb  6 23:04:22 2019] 100 let
[Wed Feb  6 23:04:22 2019] 61 f
[Wed Feb  6 23:04:22 2019] 40 <-
[Wed Feb  6 23:04:22 2019] 60 1
[Wed Feb  6 23:04:22 2019] 70 ;
[Wed Feb  6 23:04:22 2019] 103 while
[Wed Feb  6 23:04:22 2019] 61 n
[Wed Feb  6 23:04:22 2019] 25 >
[Wed Feb  6 23:04:22 2019] 60 0
[Wed Feb  6 23:04:22 2019] 42 do
[Wed Feb  6 23:04:22 2019] 100 let
[Wed Feb  6 23:04:22 2019] 61 f
[Wed Feb  6 23:04:22 2019] 40 <-
[Wed Feb  6 23:04:22 2019] 61 f
[Wed Feb  6 23:04:22 2019] 1 *
[Wed Feb  6 23:04:22 2019] 61 n
[Wed Feb  6 23:04:22 2019] 70 ;
[Wed Feb  6 23:04:22 2019] 100 let
[Wed Feb  6 23:04:22 2019] 61 n
[Wed Feb  6 23:04:22 2019] 40 <-
[Wed Feb  6 23:04:22 2019] 61 n
[Wed Feb  6 23:04:22 2019] 12 -
[Wed Feb  6 23:04:22 2019] 60 1
[Wed Feb  6 23:04:22 2019] 70 ;
[Wed Feb  6 23:04:22 2019] 81 od
[Wed Feb  6 23:04:22 2019] 70 ;
[Wed Feb  6 23:04:22 2019] 100 let
[Wed Feb  6 23:04:22 2019] 61 n
[Wed Feb  6 23:04:22 2019] 40 <-
[Wed Feb  6 23:04:22 2019] 61 f
[Wed Feb  6 23:04:22 2019] 70 ;
[Wed Feb  6 23:04:22 2019] 61 OutputNum
[Wed Feb  6 23:04:22 2019] 50 (
[Wed Feb  6 23:04:22 2019] 61 f
[Wed Feb  6 23:04:22 2019] 35 )
[Wed Feb  6 23:04:22 2019] 70 ;
[Wed Feb  6 23:04:22 2019] 80 }
[Wed Feb  6 23:04:22 2019] 30 .
>>>>>>> Stashed changes
