e:\study\cs 241\compiler\compiler\debug\vc141.pdb
e:\study\cs 241\compiler\compiler\debug\vc141.idb
e:\study\cs 241\compiler\compiler\debug\scanner.obj
e:\study\cs 241\compiler\compiler\debug\main.obj
e:\study\cs 241\compiler\compiler\debug\logger.obj
e:\study\cs 241\compiler\compiler\debug\filereader.obj
e:\study\cs 241\compiler\debug\compiler.exe
e:\study\cs 241\compiler\debug\compiler.ilk
e:\study\cs 241\compiler\debug\compiler.pdb
d:\study\compiler\compiler\debug\filereader.obj
d:\study\compiler\compiler\debug\logger.obj
d:\study\compiler\compiler\debug\main.obj
d:\study\compiler\compiler\debug\scanner.obj
d:\study\compiler\compiler\debug\scanner.obj.enc
d:\study\compiler\compiler\debug\vc141.idb
d:\study\compiler\compiler\debug\vc141.pdb
d:\study\compiler\debug\compiler.pdb
d:\study\compiler\debug\compiler.exe
d:\study\compiler\debug\compiler.ilk
d:\study\compiler\compiler\debug\compiler.tlog\cl.command.1.tlog
d:\study\compiler\compiler\debug\compiler.tlog\cl.read.1.tlog
d:\study\compiler\compiler\debug\compiler.tlog\cl.write.1.tlog
d:\study\compiler\compiler\debug\compiler.tlog\link.command.1.tlog
d:\study\compiler\compiler\debug\compiler.tlog\link.read.1.tlog
d:\study\compiler\compiler\debug\compiler.tlog\link.write.1.tlog
